<?xml version="1.0" encoding="UTF-8"?>
<!-- Generated by org.testng.reporters.JUnitReportReporter -->
<testsuite hostname="user" name="com.Outdoor.services.ServicesTest" tests="1" failures="0" timestamp="11 May 2016 23:39:15 GMT" time="0.454" errors="0">
  <testcase name="addMessage" time="0.454" classname="com.Outdoor.services.ServicesTest"/>
</testsuite> <!-- com.Outdoor.services.ServicesTest -->
