<?xml version="1.0" encoding="UTF-8"?>
<!-- Generated by org.testng.reporters.JUnitReportReporter -->
<testsuite hostname="user" name="com.Outdoor.models.MessageModelTest" tests="1" failures="0" timestamp="12 May 2016 00:08:18 GMT" time="0.518" errors="0">
  <testcase name="addMessage" time="0.518" classname="com.Outdoor.models.MessageModelTest"/>
</testsuite> <!-- com.Outdoor.models.MessageModelTest -->
